<?xml version="1.0" encoding="UTF-8"?>
<coverage generated="1602243917">
  <project timestamp="1602243917">
    <package name="Arp\Demo\Controller">
      <file name="/home/alex/web/test/unit-testing/src/Controller/AbstractController.php">
        <class name="Arp\Demo\Controller\AbstractController" namespace="Arp\Demo\Controller" fullPackage="Arp" package="Arp">
          <metrics complexity="1" methods="1" coveredmethods="0" conditionals="0" coveredconditionals="0" statements="2" coveredstatements="0" elements="3" coveredelements="0"/>
        </class>
        <line num="23" type="method" name="__construct" visibility="public" complexity="1" crap="2.00" count="0"/>
        <line num="25" type="stmt" count="0"/>
        <line num="26" type="stmt" count="0"/>
        <metrics loc="27" ncloc="17" classes="1" methods="1" coveredmethods="0" conditionals="0" coveredconditionals="0" statements="2" coveredstatements="0" elements="3" coveredelements="0"/>
      </file>
      <file name="/home/alex/web/test/unit-testing/src/Controller/UserController.php">
        <class name="Arp\Demo\Controller\UserController" namespace="Arp\Demo\Controller" fullPackage="Arp" package="Arp">
          <metrics complexity="5" methods="3" coveredmethods="1" conditionals="0" coveredconditionals="0" statements="15" coveredstatements="3" elements="18" coveredelements="4"/>
        </class>
        <line num="27" type="method" name="__construct" visibility="public" complexity="1" crap="1" count="1"/>
        <line num="29" type="stmt" count="1"/>
        <line num="31" type="stmt" count="1"/>
        <line num="32" type="stmt" count="1"/>
        <line num="41" type="method" name="list" visibility="public" complexity="2" crap="6.00" count="0"/>
        <line num="44" type="stmt" count="0"/>
        <line num="45" type="stmt" count="0"/>
        <line num="46" type="stmt" count="0"/>
        <line num="47" type="stmt" count="0"/>
        <line num="51" type="stmt" count="0"/>
        <line num="59" type="method" name="view" visibility="public" complexity="2" crap="6.00" count="0"/>
        <line num="61" type="stmt" count="0"/>
        <line num="64" type="stmt" count="0"/>
        <line num="65" type="stmt" count="0"/>
        <line num="66" type="stmt" count="0"/>
        <line num="67" type="stmt" count="0"/>
        <line num="72" type="stmt" count="0"/>
        <line num="73" type="stmt" count="0"/>
        <metrics loc="76" ncloc="53" classes="1" methods="3" coveredmethods="1" conditionals="0" coveredconditionals="0" statements="15" coveredstatements="3" elements="18" coveredelements="4"/>
      </file>
    </package>
    <package name="Arp\Demo\Controller\Exception">
      <file name="/home/alex/web/test/unit-testing/src/Controller/Exception/ControllerException.php">
        <class name="Arp\Demo\Controller\Exception\ControllerException" namespace="Arp\Demo\Controller\Exception" fullPackage="Arp" package="Arp">
          <metrics complexity="0" methods="0" coveredmethods="0" conditionals="0" coveredconditionals="0" statements="0" coveredstatements="0" elements="0" coveredelements="0"/>
        </class>
        <metrics loc="14" ncloc="10" classes="0" methods="0" coveredmethods="0" conditionals="0" coveredconditionals="0" statements="0" coveredstatements="0" elements="0" coveredelements="0"/>
      </file>
    </package>
    <package name="Arp\Demo\Entity">
      <file name="/home/alex/web/test/unit-testing/src/Entity/User.php">
        <class name="Arp\Demo\Entity\User" namespace="Arp\Demo\Entity">
          <metrics complexity="7" methods="7" coveredmethods="2" conditionals="0" coveredconditionals="0" statements="10" coveredstatements="3" elements="17" coveredelements="5"/>
        </class>
        <line num="27" type="method" name="getId" visibility="public" complexity="1" crap="2.00" count="0"/>
        <line num="29" type="stmt" count="0"/>
        <line num="35" type="method" name="setId" visibility="public" complexity="1" crap="2.00" count="0"/>
        <line num="37" type="stmt" count="0"/>
        <line num="38" type="stmt" count="0"/>
        <line num="43" type="method" name="getFirstName" visibility="public" complexity="1" crap="1" count="2"/>
        <line num="45" type="stmt" count="2"/>
        <line num="51" type="method" name="setFirstName" visibility="public" complexity="1" crap="1" count="1"/>
        <line num="53" type="stmt" count="1"/>
        <line num="54" type="stmt" count="1"/>
        <line num="59" type="method" name="getLastName" visibility="public" complexity="1" crap="2.00" count="0"/>
        <line num="61" type="stmt" count="0"/>
        <line num="67" type="method" name="setLastName" visibility="public" complexity="1" crap="2.00" count="0"/>
        <line num="69" type="stmt" count="0"/>
        <line num="70" type="stmt" count="0"/>
        <line num="75" type="method" name="getFullName" visibility="public" complexity="1" crap="2.00" count="0"/>
        <line num="77" type="stmt" count="0"/>
        <metrics loc="79" ncloc="49" classes="1" methods="7" coveredmethods="2" conditionals="0" coveredconditionals="0" statements="10" coveredstatements="3" elements="17" coveredelements="5"/>
      </file>
    </package>
    <package name="Arp\Demo\Service">
      <file name="/home/alex/web/test/unit-testing/src/Service/DatabaseService.php">
        <class name="Arp\Demo\Service\DatabaseService" namespace="Arp\Demo\Service" fullPackage="Arp" package="Arp">
          <metrics complexity="3" methods="2" coveredmethods="0" conditionals="0" coveredconditionals="0" statements="2" coveredstatements="0" elements="4" coveredelements="0"/>
        </class>
        <line num="39" type="method" name="find" visibility="public" complexity="2" crap="6.00" count="0"/>
        <line num="41" type="stmt" count="0"/>
        <line num="47" type="method" name="getAll" visibility="public" complexity="1" crap="2.00" count="0"/>
        <line num="49" type="stmt" count="0"/>
        <metrics loc="51" ncloc="36" classes="1" methods="2" coveredmethods="0" conditionals="0" coveredconditionals="0" statements="2" coveredstatements="0" elements="4" coveredelements="0"/>
      </file>
      <file name="/home/alex/web/test/unit-testing/src/Service/UserFactory.php">
        <class name="Arp\Demo\Service\UserFactory" namespace="Arp\Demo\Service" fullPackage="Arp" package="Arp">
          <metrics complexity="4" methods="1" coveredmethods="0" conditionals="0" coveredconditionals="0" statements="10" coveredstatements="0" elements="11" coveredelements="0"/>
        </class>
        <line num="22" type="method" name="createUser" visibility="public" complexity="4" crap="20.00" count="0"/>
        <line num="24" type="stmt" count="0"/>
        <line num="25" type="stmt" count="0"/>
        <line num="28" type="stmt" count="0"/>
        <line num="29" type="stmt" count="0"/>
        <line num="32" type="stmt" count="0"/>
        <line num="33" type="stmt" count="0"/>
        <line num="34" type="stmt" count="0"/>
        <line num="36" type="stmt" count="0"/>
        <line num="37" type="stmt" count="0"/>
        <line num="40" type="stmt" count="0"/>
        <metrics loc="42" ncloc="31" classes="1" methods="1" coveredmethods="0" conditionals="0" coveredconditionals="0" statements="10" coveredstatements="0" elements="11" coveredelements="0"/>
      </file>
      <file name="/home/alex/web/test/unit-testing/src/Service/UserService.php">
        <class name="Arp\Demo\Service\UserService" namespace="Arp\Demo\Service" fullPackage="Arp" package="Arp">
          <metrics complexity="5" methods="4" coveredmethods="1" conditionals="0" coveredconditionals="0" statements="11" coveredstatements="3" elements="15" coveredelements="4"/>
        </class>
        <line num="29" type="method" name="__construct" visibility="public" complexity="1" crap="1" count="1"/>
        <line num="31" type="stmt" count="1"/>
        <line num="32" type="stmt" count="1"/>
        <line num="33" type="stmt" count="1"/>
        <line num="40" type="method" name="getUserById" visibility="public" complexity="1" crap="2.00" count="0"/>
        <line num="42" type="stmt" count="0"/>
        <line num="44" type="stmt" count="0"/>
        <line num="50" type="method" name="getUsers" visibility="public" complexity="1" crap="2.00" count="0"/>
        <line num="52" type="stmt" count="0"/>
        <line num="54" type="stmt" count="0"/>
        <line num="62" type="method" name="createUsers" visibility="private" complexity="2" crap="6.00" count="0"/>
        <line num="64" type="stmt" count="0"/>
        <line num="65" type="stmt" count="0"/>
        <line num="66" type="stmt" count="0"/>
        <line num="68" type="stmt" count="0"/>
        <metrics loc="70" ncloc="43" classes="1" methods="4" coveredmethods="1" conditionals="0" coveredconditionals="0" statements="11" coveredstatements="3" elements="15" coveredelements="4"/>
      </file>
    </package>
    <file name="/home/alex/web/test/unit-testing/src/Service/UserServiceInterface.php">
      <metrics loc="26" ncloc="14" classes="0" methods="0" coveredmethods="0" conditionals="0" coveredconditionals="0" statements="0" coveredstatements="0" elements="0" coveredelements="0"/>
    </file>
    <metrics files="8" loc="385" ncloc="253" classes="6" methods="18" coveredmethods="4" conditionals="0" coveredconditionals="0" statements="50" coveredstatements="9" elements="68" coveredelements="13"/>
  </project>
</coverage>
